Started GET "/" for 127.0.0.1 at 2018-10-27 11:57:18 -0400
Processing by MainController#home as HTML
  Rendering main/home.html.erb within layouts/application
  Rendered main/home.html.erb within layouts/application (1.4ms)
Completed 200 OK in 986ms (Views: 801.4ms)


Started GET "/" for 127.0.0.1 at 2018-10-27 12:29:55 -0400
Processing by MainController#home as HTML
  Rendering main/home.html.erb within layouts/application
  Rendered main/home.html.erb within layouts/application (0.8ms)
Completed 200 OK in 367ms (Views: 193.6ms)


Started GET "/" for 127.0.0.1 at 2018-10-27 12:30:29 -0400
Processing by MainController#home as HTML
  Rendering main/home.html.erb within layouts/application
  Rendered main/home.html.erb within layouts/application (0.4ms)
Completed 200 OK in 19ms (Views: 17.6ms)


Started GET "/" for 127.0.0.1 at 2018-10-27 12:31:21 -0400
Processing by MainController#home as HTML
  Rendering main/home.html.erb within layouts/application
  Rendered main/home.html.erb within layouts/application (1.6ms)
Completed 200 OK in 62ms (Views: 57.2ms)


Started GET "/" for 127.0.0.1 at 2018-10-27 12:34:31 -0400
Processing by MainController#home as HTML
  Rendering main/home.html.erb within layouts/application
  Rendered main/home.html.erb within layouts/application (304.7ms)
Completed 500 Internal Server Error in 308ms


  
ActionView::Template::Error (undefined local variable or method `example' for #<#<Class:0x000055fd786bc210>:0x00007fea04055140>):
    1: <h1>Main#home</h1>
    2: <p>Find me in app/views/main/home.html.erb</p>
    3: <%= render partial: example %>
  
app/views/main/home.html.erb:3:in `_app_views_main_home_html_erb___3363868890193635304_70321533267260'
Started GET "/" for 127.0.0.1 at 2018-10-27 12:35:02 -0400
Processing by MainController#home as HTML
  Rendering main/home.html.erb within layouts/application
  Rendered main/_example.html.erb (0.2ms)
  Rendered main/home.html.erb within layouts/application (3.7ms)
Completed 200 OK in 34ms (Views: 33.2ms)


Started GET "/" for 127.0.0.1 at 2018-10-27 12:35:46 -0400
Processing by MainController#home as HTML
  Rendering main/home.html.erb within layouts/application
  Rendered main/_example.html.erb (0.2ms)
  Rendered main/_example.html.erb (0.0ms)
  Rendered main/_example.html.erb (0.0ms)
  Rendered main/_example.html.erb (0.0ms)
  Rendered main/_example.html.erb (0.0ms)
  Rendered main/_example.html.erb (0.0ms)
  Rendered main/_example.html.erb (0.5ms)
  Rendered main/_example.html.erb (0.0ms)
  Rendered main/_example.html.erb (0.0ms)
  Rendered main/_example.html.erb (0.0ms)
  Rendered main/home.html.erb within layouts/application (9.7ms)
Completed 200 OK in 42ms (Views: 40.8ms)


Started GET "/" for 127.0.0.1 at 2018-10-27 13:46:38 -0400
Processing by MainController#home as HTML
  Rendering main/home.html.erb within layouts/application
  Rendered main/home.html.erb within layouts/application (0.9ms)
  Rendered shared/_nav.html.erb (0.3ms)
Completed 200 OK in 3618ms (Views: 3441.3ms)


Started GET "/" for 127.0.0.1 at 2018-10-27 14:09:25 -0400
Processing by MainController#home as HTML
  Rendering main/home.html.erb within layouts/application
  Rendered main/home.html.erb within layouts/application (0.8ms)
Started GET "/genre" for 127.0.0.1 at 2018-10-27 14:09:27 -0400
  Rendered shared/_nav.html.erb (0.3ms)
Completed 200 OK in 2823ms (Views: 2639.0ms)


Processing by GenreController#main as HTML
  Rendering genre/main.html.erb within layouts/application
  Rendered genre/main.html.erb within layouts/application (0.2ms)
  Rendered shared/_nav.html.erb (1.0ms)
Completed 200 OK in 44ms (Views: 43.0ms)


Started GET "/us" for 127.0.0.1 at 2018-10-27 14:09:32 -0400
Processing by UsController#main as HTML
  Rendering us/main.html.erb within layouts/application
  Rendered us/main.html.erb within layouts/application (0.5ms)
  Rendered shared/_nav.html.erb (2.3ms)
Completed 200 OK in 40ms (Views: 38.2ms)


Started GET "/local" for 127.0.0.1 at 2018-10-27 14:09:37 -0400
Processing by LocalController#main as HTML
  Rendering local/main.html.erb within layouts/application
  Rendered local/main.html.erb within layouts/application (0.4ms)
  Rendered shared/_nav.html.erb (0.3ms)
Completed 200 OK in 58ms (Views: 56.6ms)


Started GET "/local" for 127.0.0.1 at 2018-10-27 14:11:55 -0400
Processing by LocalController#main as HTML
  Rendering local/main.html.erb within layouts/application
  Rendered local/main.html.erb within layouts/application (0.3ms)
  Rendered shared/_nav.html.erb (0.4ms)
Completed 200 OK in 8ms (Views: 5.9ms)


Started GET "/local" for 127.0.0.1 at 2018-10-27 14:15:10 -0400
Processing by LocalController#main as HTML
  Rendering local/main.html.erb within layouts/application
  Rendered local/main.html.erb within layouts/application (0.9ms)
  Rendered shared/_nav.html.erb (0.3ms)
Completed 200 OK in 436ms (Views: 256.8ms)


Started GET "/" for 127.0.0.1 at 2018-10-27 14:15:16 -0400
Processing by MainController#home as HTML
  Rendering main/home.html.erb within layouts/application
  Rendered main/home.html.erb within layouts/application (0.3ms)
  Rendered shared/_nav.html.erb (0.3ms)
Completed 200 OK in 53ms (Views: 51.3ms)


Started GET "/" for 127.0.0.1 at 2018-10-27 14:25:57 -0400
Processing by MainController#home as HTML
  Rendering main/home.html.erb within layouts/application
  Rendered main/home.html.erb within layouts/application (0.8ms)
  Rendered shared/_nav.html.erb (0.4ms)
Completed 200 OK in 375ms (Views: 199.4ms)


Started GET "/" for 127.0.0.1 at 2018-10-27 14:47:49 -0400
Processing by MainController#home as HTML
  Rendering main/home.html.erb within layouts/application
  Rendered main/home.html.erb within layouts/application (0.9ms)
  Rendered shared/_nav.html.erb (0.4ms)
Completed 200 OK in 383ms (Views: 205.2ms)


Started GET "/" for 127.0.0.1 at 2018-10-27 14:48:07 -0400
Processing by MainController#home as HTML
  Rendering main/home.html.erb within layouts/application
  Rendered main/home.html.erb within layouts/application (0.3ms)
  Rendered shared/_nav.html.erb (0.4ms)
Completed 200 OK in 32ms (Views: 30.4ms)


